{"numFailedTestSuites":2,"numFailedTests":4,"numPassedTestSuites":1,"numPassedTests":1,"numPendingTestSuites":0,"numPendingTests":0,"numRuntimeErrorTestSuites":0,"numTotalTestSuites":3,"numTotalTests":5,"snapshot":{"added":0,"didUpdate":false,"failure":false,"filesAdded":0,"filesRemoved":0,"filesUnmatched":0,"filesUpdated":0,"matched":0,"total":0,"unchecked":0,"uncheckedKeys":[],"unmatched":0,"updated":0},"startTime":1526536856740,"success":false,"testResults":[{"assertionResults":[{"ancestorTitles":[],"failureMessages":[],"fullName":"SteptwoComponent should create","location":null,"status":"passed","title":"should create"}],"endTime":1526536865186,"message":"","name":"C:\\ccviews\\mediumpost\\src\\app\\steptwo\\steptwo.component.spec.ts","startTime":1526536861016,"status":"passed","summary":""},{"assertionResults":[{"ancestorTitles":[],"failureMessages":["Error: Template parse errors:\nThere is no directive with \"exportAs\" set to \"ngForm\" (\"<form [ERROR ->]#f=\"ngForm\" (ngSubmit)=\"submit(f.value)\">\n  <label for=\"name\">Name of something: </label>\n  <input ty\"): ng:///DynamicTestModule/SteponeComponent.html@0:6\n    at Error (native)\n    at syntaxError (C:\\ccviews\\mediumpost\\node_modules\\packages\\compiler\\esm5\\src\\util.js:183:2)\n    at TemplateParser.Object.<anonymous>.TemplateParser.parse (C:\\ccviews\\mediumpost\\node_modules\\@angular\\compiler\\bundles\\compiler.umd.js:24717:19)\n    at JitCompiler.Object.<anonymous>.JitCompiler._parseTemplate (C:\\ccviews\\mediumpost\\node_modules\\@angular\\compiler\\bundles\\compiler.umd.js:34672:37)\n    at JitCompiler.Object.<anonymous>.JitCompiler._compileTemplate (C:\\ccviews\\mediumpost\\node_modules\\packages\\compiler\\esm5\\src\\jit\\compiler.js:425:18)\n    at C:\\ccviews\\mediumpost\\node_modules\\@angular\\compiler\\bundles\\compiler.umd.js:34548:62\n    at Set.forEach (native)\n    at JitCompiler.Object.<anonymous>.JitCompiler._compileComponents (C:\\ccviews\\mediumpost\\node_modules\\@angular\\compiler\\bundles\\compiler.umd.js:34548:19)\n    at C:\\ccviews\\mediumpost\\node_modules\\packages\\compiler\\esm5\\src\\jit\\compiler.js:214:12\n    at Object.then (C:\\ccviews\\mediumpost\\node_modules\\@angular\\compiler\\bundles\\compiler.umd.js:518:77)\n    at JitCompiler.Object.<anonymous>.JitCompiler._compileModuleAndAllComponents (C:\\ccviews\\mediumpost\\node_modules\\packages\\compiler\\esm5\\src\\jit\\compiler.js:212:17)\n    at JitCompiler.Object.<anonymous>.JitCompiler.compileModuleAndAllComponentsAsync (C:\\ccviews\\mediumpost\\node_modules\\@angular\\compiler\\bundles\\compiler.umd.js:34333:37)\n    at CompilerImpl.Object.<anonymous>.CompilerImpl.compileModuleAndAllComponentsAsync (C:\\ccviews\\mediumpost\\node_modules\\packages\\platform-browser-dynamic\\esm5\\src\\compiler_factory.js:107:16)\n    at TestingCompilerImpl.Object.<anonymous>.TestingCompilerImpl.compileModuleAndAllComponentsAsync (C:\\ccviews\\mediumpost\\node_modules\\@angular\\platform-browser-dynamic\\bundles\\platform-browser-dynamic-testing.umd.js:369:31)\n    at TestBed.Object.<anonymous>.TestBed.compileComponents (C:\\ccviews\\mediumpost\\node_modules\\packages\\core\\esm5\\testing\\src\\test_bed.js:387:23)\n    at Function.Object.<anonymous>.TestBed.compileComponents (C:\\ccviews\\mediumpost\\node_modules\\packages\\core\\esm5\\testing\\src\\test_bed.js:200:33)\n    at C:\\ccviews\\mediumpost\\src\\app\\stepone\\stepone.component.spec.ts:13:6\n    at ZoneDelegate.Object.<anonymous>.ZoneDelegate.invoke (C:\\ccviews\\mediumpost\\node_modules\\zone.js\\dist\\zone.js:388:26)\n    at AsyncTestZoneSpec.Object.<anonymous>.AsyncTestZoneSpec.onInvoke (C:\\ccviews\\mediumpost\\node_modules\\zone.js\\dist\\async-test.js:106:39)\n    at ProxyZoneSpec.Object.<anonymous>.ProxyZoneSpec.onInvoke (C:\\ccviews\\mediumpost\\node_modules\\zone.js\\dist\\proxy.js:125:39)\n    at ZoneDelegate.Object.<anonymous>.ZoneDelegate.invoke (C:\\ccviews\\mediumpost\\node_modules\\zone.js\\dist\\zone.js:387:32)\n    at Zone.Object.<anonymous>.Zone.runGuarded (C:\\ccviews\\mediumpost\\node_modules\\zone.js\\dist\\zone.js:151:47)\n    at runInTestZone (C:\\ccviews\\mediumpost\\node_modules\\@angular\\core\\bundles\\core-testing.umd.js:141:25)\n    at C:\\ccviews\\mediumpost\\node_modules\\@angular\\core\\bundles\\core-testing.umd.js:80:13\n    at ZoneDelegate.Object.<anonymous>.ZoneDelegate.invoke (C:\\ccviews\\mediumpost\\node_modules\\zone.js\\dist\\zone.js:388:26)\n    at ProxyZoneSpec.Object.<anonymous>.ProxyZoneSpec.onInvoke (C:\\ccviews\\mediumpost\\node_modules\\zone.js\\dist\\proxy.js:128:39)\n    at ZoneDelegate.Object.<anonymous>.ZoneDelegate.invoke (C:\\ccviews\\mediumpost\\node_modules\\zone.js\\dist\\zone.js:387:32)\n    at Zone.Object.<anonymous>.Zone.run (C:\\ccviews\\mediumpost\\node_modules\\zone.js\\dist\\zone.js:138:43)\n    at Object.testBody.length.done (C:\\ccviews\\mediumpost\\node_modules\\jest-zone-patch\\index.js:51:29)\n    at e (C:\\ccviews\\mediumpost\\node_modules\\jest-jasmine2\\build\\queue_runner.js:52:12)\n    at mapper (C:\\ccviews\\mediumpost\\node_modules\\jest-jasmine2\\build\\queue_runner.js:39:19)\n    at promise.then (C:\\ccviews\\mediumpost\\node_modules\\jest-jasmine2\\build\\queue_runner.js:73:82)\n    at process._tickCallback (internal/process/next_tick.js:103:7)","Error: Template parse errors:\nThere is no directive with \"exportAs\" set to \"ngForm\" (\"<form [ERROR ->]#f=\"ngForm\" (ngSubmit)=\"submit(f.value)\">\n  <label for=\"name\">Name of something: </label>\n  <input ty\"): ng:///DynamicTestModule/SteponeComponent.html@0:6\n    at Error (native)\n    at syntaxError (C:\\ccviews\\mediumpost\\node_modules\\packages\\compiler\\esm5\\src\\util.js:183:2)\n    at TemplateParser.Object.<anonymous>.TemplateParser.parse (C:\\ccviews\\mediumpost\\node_modules\\@angular\\compiler\\bundles\\compiler.umd.js:24717:19)\n    at JitCompiler.Object.<anonymous>.JitCompiler._parseTemplate (C:\\ccviews\\mediumpost\\node_modules\\@angular\\compiler\\bundles\\compiler.umd.js:34672:37)\n    at JitCompiler.Object.<anonymous>.JitCompiler._compileTemplate (C:\\ccviews\\mediumpost\\node_modules\\packages\\compiler\\esm5\\src\\jit\\compiler.js:425:18)\n    at C:\\ccviews\\mediumpost\\node_modules\\@angular\\compiler\\bundles\\compiler.umd.js:34548:62\n    at Set.forEach (native)\n    at JitCompiler.Object.<anonymous>.JitCompiler._compileComponents (C:\\ccviews\\mediumpost\\node_modules\\@angular\\compiler\\bundles\\compiler.umd.js:34548:19)\n    at C:\\ccviews\\mediumpost\\node_modules\\packages\\compiler\\esm5\\src\\jit\\compiler.js:214:12\n    at Object.then (C:\\ccviews\\mediumpost\\node_modules\\@angular\\compiler\\bundles\\compiler.umd.js:518:77)\n    at JitCompiler.Object.<anonymous>.JitCompiler._compileModuleAndAllComponents (C:\\ccviews\\mediumpost\\node_modules\\packages\\compiler\\esm5\\src\\jit\\compiler.js:212:17)\n    at JitCompiler.Object.<anonymous>.JitCompiler.compileModuleAndAllComponentsSync (C:\\ccviews\\mediumpost\\node_modules\\@angular\\compiler\\bundles\\compiler.umd.js:34322:42)\n    at CompilerImpl.Object.<anonymous>.CompilerImpl.compileModuleAndAllComponentsSync (C:\\ccviews\\mediumpost\\node_modules\\packages\\platform-browser-dynamic\\esm5\\src\\compiler_factory.js:90:7)\n    at TestingCompilerImpl.Object.<anonymous>.TestingCompilerImpl.compileModuleAndAllComponentsSync (C:\\ccviews\\mediumpost\\node_modules\\@angular\\platform-browser-dynamic\\bundles\\platform-browser-dynamic-testing.umd.js:356:31)\n    at TestBed.Object.<anonymous>.TestBed._initIfNeeded (C:\\ccviews\\mediumpost\\node_modules\\packages\\core\\esm5\\testing\\src\\test_bed.js:400:36)\n    at TestBed.Object.<anonymous>.TestBed.createComponent (C:\\ccviews\\mediumpost\\node_modules\\packages\\core\\esm5\\testing\\src\\test_bed.js:557:13)\n    at Function.Object.<anonymous>.TestBed.createComponent (C:\\ccviews\\mediumpost\\node_modules\\@angular\\core\\bundles\\core-testing.umd.js:871:29)\n    at C:\\ccviews\\mediumpost\\src\\app\\stepone\\stepone.component.spec.ts:17:23\n    at ZoneDelegate.Object.<anonymous>.ZoneDelegate.invoke (C:\\ccviews\\mediumpost\\node_modules\\zone.js\\dist\\zone.js:388:26)\n    at ProxyZoneSpec.Object.<anonymous>.ProxyZoneSpec.onInvoke (C:\\ccviews\\mediumpost\\node_modules\\zone.js\\dist\\proxy.js:128:39)\n    at ZoneDelegate.Object.<anonymous>.ZoneDelegate.invoke (C:\\ccviews\\mediumpost\\node_modules\\zone.js\\dist\\zone.js:387:32)\n    at Zone.Object.<anonymous>.Zone.run (C:\\ccviews\\mediumpost\\node_modules\\zone.js\\dist\\zone.js:138:43)\n    at Object.testBody.length (C:\\ccviews\\mediumpost\\node_modules\\jest-zone-patch\\index.js:50:27)\n    at Object.asyncFn (C:\\ccviews\\mediumpost\\node_modules\\jest-jasmine2\\build\\jasmine_async.js:51:37)\n    at e (C:\\ccviews\\mediumpost\\node_modules\\jest-jasmine2\\build\\queue_runner.js:52:12)\n    at mapper (C:\\ccviews\\mediumpost\\node_modules\\jest-jasmine2\\build\\queue_runner.js:39:19)\n    at promise.then (C:\\ccviews\\mediumpost\\node_modules\\jest-jasmine2\\build\\queue_runner.js:73:82)\n    at process._tickCallback (internal/process/next_tick.js:103:7)","Error: expect(received).toBeTruthy()\n\nExpected value to be truthy, instead received\n  undefined\n    at C:\\ccviews\\mediumpost\\src\\app\\stepone\\stepone.component.spec.ts:23:23\n    at ZoneDelegate.Object.<anonymous>.ZoneDelegate.invoke (C:\\ccviews\\mediumpost\\node_modules\\zone.js\\dist\\zone.js:388:26)\n    at ProxyZoneSpec.Object.<anonymous>.ProxyZoneSpec.onInvoke (C:\\ccviews\\mediumpost\\node_modules\\zone.js\\dist\\proxy.js:128:39)\n    at ZoneDelegate.Object.<anonymous>.ZoneDelegate.invoke (C:\\ccviews\\mediumpost\\node_modules\\zone.js\\dist\\zone.js:387:32)\n    at Zone.Object.<anonymous>.Zone.run (C:\\ccviews\\mediumpost\\node_modules\\zone.js\\dist\\zone.js:138:43)\n    at Object.testBody.length (C:\\ccviews\\mediumpost\\node_modules\\jest-zone-patch\\index.js:50:27)\n    at Object.asyncFn (C:\\ccviews\\mediumpost\\node_modules\\jest-jasmine2\\build\\jasmine_async.js:82:37)\n    at e (C:\\ccviews\\mediumpost\\node_modules\\jest-jasmine2\\build\\queue_runner.js:52:12)\n    at mapper (C:\\ccviews\\mediumpost\\node_modules\\jest-jasmine2\\build\\queue_runner.js:39:19)\n    at promise.then (C:\\ccviews\\mediumpost\\node_modules\\jest-jasmine2\\build\\queue_runner.js:73:82)\n    at process._tickCallback (internal/process/next_tick.js:103:7)"],"fullName":"SteponeComponent should create","location":null,"status":"failed","title":"should create"}],"endTime":1526536865668,"message":"  ● SteponeComponent › should create\n\n    Template parse errors:\n    There is no directive with \"exportAs\" set to \"ngForm\" (\"<form [ERROR ->]#f=\"ngForm\" (ngSubmit)=\"submit(f.value)\">\n      <label for=\"name\">Name of something: </label>\n      <input ty\"): ng:///DynamicTestModule/SteponeComponent.html@0:6\n        at Error (native)\n\n      11 |       declarations: [ SteponeComponent ]\n      12 |     })\n    > 13 |     .compileComponents();\n      14 |   }));\n      15 | \n      16 |   beforeEach(() => {\n      \n      at syntaxError (node_modules/packages/compiler/esm5/src/util.js:183:2)\n      at TemplateParser.Object.<anonymous>.TemplateParser.parse (node_modules/@angular/compiler/bundles/compiler.umd.js:24717:19)\n      at JitCompiler.Object.<anonymous>.JitCompiler._parseTemplate (node_modules/@angular/compiler/bundles/compiler.umd.js:34672:37)\n      at JitCompiler.Object.<anonymous>.JitCompiler._compileTemplate (node_modules/packages/compiler/esm5/src/jit/compiler.js:425:18)\n      at node_modules/@angular/compiler/bundles/compiler.umd.js:34548:62\n      at Set.forEach (native)\n      at JitCompiler.Object.<anonymous>.JitCompiler._compileComponents (node_modules/@angular/compiler/bundles/compiler.umd.js:34548:19)\n      at node_modules/packages/compiler/esm5/src/jit/compiler.js:214:12\n      at Object.then (node_modules/@angular/compiler/bundles/compiler.umd.js:518:77)\n      at JitCompiler.Object.<anonymous>.JitCompiler._compileModuleAndAllComponents (node_modules/packages/compiler/esm5/src/jit/compiler.js:212:17)\n      at JitCompiler.Object.<anonymous>.JitCompiler.compileModuleAndAllComponentsAsync (node_modules/@angular/compiler/bundles/compiler.umd.js:34333:37)\n      at CompilerImpl.Object.<anonymous>.CompilerImpl.compileModuleAndAllComponentsAsync (node_modules/packages/platform-browser-dynamic/esm5/src/compiler_factory.js:107:16)\n      at TestingCompilerImpl.Object.<anonymous>.TestingCompilerImpl.compileModuleAndAllComponentsAsync (node_modules/@angular/platform-browser-dynamic/bundles/platform-browser-dynamic-testing.umd.js:369:31)\n      at TestBed.Object.<anonymous>.TestBed.compileComponents (node_modules/packages/core/esm5/testing/src/test_bed.js:387:23)\n      at Function.Object.<anonymous>.TestBed.compileComponents (node_modules/packages/core/esm5/testing/src/test_bed.js:200:33)\n      at src/app/stepone/stepone.component.spec.ts:13:6\n      at ZoneDelegate.Object.<anonymous>.ZoneDelegate.invoke (node_modules/zone.js/dist/zone.js:388:26)\n      at AsyncTestZoneSpec.Object.<anonymous>.AsyncTestZoneSpec.onInvoke (node_modules/zone.js/dist/async-test.js:106:39)\n      at ProxyZoneSpec.Object.<anonymous>.ProxyZoneSpec.onInvoke (node_modules/zone.js/dist/proxy.js:125:39)\n      at ZoneDelegate.Object.<anonymous>.ZoneDelegate.invoke (node_modules/zone.js/dist/zone.js:387:32)\n      at Zone.Object.<anonymous>.Zone.runGuarded (node_modules/zone.js/dist/zone.js:151:47)\n      at runInTestZone (node_modules/@angular/core/bundles/core-testing.umd.js:141:25)\n      at node_modules/@angular/core/bundles/core-testing.umd.js:80:13\n      at ZoneDelegate.Object.<anonymous>.ZoneDelegate.invoke (node_modules/zone.js/dist/zone.js:388:26)\n      at ProxyZoneSpec.Object.<anonymous>.ProxyZoneSpec.onInvoke (node_modules/zone.js/dist/proxy.js:128:39)\n      at ZoneDelegate.Object.<anonymous>.ZoneDelegate.invoke (node_modules/zone.js/dist/zone.js:387:32)\n      at Zone.Object.<anonymous>.Zone.run (node_modules/zone.js/dist/zone.js:138:43)\n      at Object.testBody.length.done (node_modules/jest-zone-patch/index.js:51:29)\n\n  ● SteponeComponent › should create\n\n    Template parse errors:\n    There is no directive with \"exportAs\" set to \"ngForm\" (\"<form [ERROR ->]#f=\"ngForm\" (ngSubmit)=\"submit(f.value)\">\n      <label for=\"name\">Name of something: </label>\n      <input ty\"): ng:///DynamicTestModule/SteponeComponent.html@0:6\n        at Error (native)\n\n      15 | \n      16 |   beforeEach(() => {\n    > 17 |     fixture = TestBed.createComponent(SteponeComponent);\n      18 |     component = fixture.componentInstance;\n      19 |     fixture.detectChanges();\n      20 |   });\n      \n      at syntaxError (node_modules/packages/compiler/esm5/src/util.js:183:2)\n      at TemplateParser.Object.<anonymous>.TemplateParser.parse (node_modules/@angular/compiler/bundles/compiler.umd.js:24717:19)\n      at JitCompiler.Object.<anonymous>.JitCompiler._parseTemplate (node_modules/@angular/compiler/bundles/compiler.umd.js:34672:37)\n      at JitCompiler.Object.<anonymous>.JitCompiler._compileTemplate (node_modules/packages/compiler/esm5/src/jit/compiler.js:425:18)\n      at node_modules/@angular/compiler/bundles/compiler.umd.js:34548:62\n      at Set.forEach (native)\n      at JitCompiler.Object.<anonymous>.JitCompiler._compileComponents (node_modules/@angular/compiler/bundles/compiler.umd.js:34548:19)\n      at node_modules/packages/compiler/esm5/src/jit/compiler.js:214:12\n      at Object.then (node_modules/@angular/compiler/bundles/compiler.umd.js:518:77)\n      at JitCompiler.Object.<anonymous>.JitCompiler._compileModuleAndAllComponents (node_modules/packages/compiler/esm5/src/jit/compiler.js:212:17)\n      at JitCompiler.Object.<anonymous>.JitCompiler.compileModuleAndAllComponentsSync (node_modules/@angular/compiler/bundles/compiler.umd.js:34322:42)\n      at CompilerImpl.Object.<anonymous>.CompilerImpl.compileModuleAndAllComponentsSync (node_modules/packages/platform-browser-dynamic/esm5/src/compiler_factory.js:90:7)\n      at TestingCompilerImpl.Object.<anonymous>.TestingCompilerImpl.compileModuleAndAllComponentsSync (node_modules/@angular/platform-browser-dynamic/bundles/platform-browser-dynamic-testing.umd.js:356:31)\n      at TestBed.Object.<anonymous>.TestBed._initIfNeeded (node_modules/packages/core/esm5/testing/src/test_bed.js:400:36)\n      at TestBed.Object.<anonymous>.TestBed.createComponent (node_modules/packages/core/esm5/testing/src/test_bed.js:557:13)\n      at Function.Object.<anonymous>.TestBed.createComponent (node_modules/@angular/core/bundles/core-testing.umd.js:871:29)\n      at src/app/stepone/stepone.component.spec.ts:17:23\n      at ZoneDelegate.Object.<anonymous>.ZoneDelegate.invoke (node_modules/zone.js/dist/zone.js:388:26)\n      at ProxyZoneSpec.Object.<anonymous>.ProxyZoneSpec.onInvoke (node_modules/zone.js/dist/proxy.js:128:39)\n      at ZoneDelegate.Object.<anonymous>.ZoneDelegate.invoke (node_modules/zone.js/dist/zone.js:387:32)\n      at Zone.Object.<anonymous>.Zone.run (node_modules/zone.js/dist/zone.js:138:43)\n      at Object.testBody.length (node_modules/jest-zone-patch/index.js:50:27)\n\n  ● SteponeComponent › should create\n\n    expect(received).toBeTruthy()\n    \n    Expected value to be truthy, instead received\n      undefined\n\n      21 | \n      22 |   it('should create', () => {\n    > 23 |     expect(component).toBeTruthy();\n      24 |   });\n      25 | });\n      26 | \n      \n      at src/app/stepone/stepone.component.spec.ts:23:23\n      at ZoneDelegate.Object.<anonymous>.ZoneDelegate.invoke (node_modules/zone.js/dist/zone.js:388:26)\n      at ProxyZoneSpec.Object.<anonymous>.ProxyZoneSpec.onInvoke (node_modules/zone.js/dist/proxy.js:128:39)\n      at ZoneDelegate.Object.<anonymous>.ZoneDelegate.invoke (node_modules/zone.js/dist/zone.js:387:32)\n      at Zone.Object.<anonymous>.Zone.run (node_modules/zone.js/dist/zone.js:138:43)\n      at Object.testBody.length (node_modules/jest-zone-patch/index.js:50:27)\n","name":"C:\\ccviews\\mediumpost\\src\\app\\stepone\\stepone.component.spec.ts","startTime":1526536861011,"status":"failed","summary":""},{"assertionResults":[{"ancestorTitles":[],"failureMessages":["Error: Template parse errors:\n'app-stepone' is not a known element:\n1. If 'app-stepone' is an Angular component, then verify that it is part of this module.\n2. If 'app-stepone' is a Web Component then add 'CUSTOM_ELEMENTS_SCHEMA' to the '@NgModule.schemas' of this component to suppress this message. (\"\n  <h1>silly app</h1>\n  <div *ngIf=\"step === 1;else steptwocontent\">\n    [ERROR ->]<app-stepone (valid)=\"onValid($event)\"></app-stepone>\n  </div>\n</div>\n\"): ng:///DynamicTestModule/AppComponent.html@3:4\n'app-steptwo' is not a known element:\n1. If 'app-steptwo' is an Angular component, then verify that it is part of this module.\n2. If 'app-steptwo' is a Web Component then add 'CUSTOM_ELEMENTS_SCHEMA' to the '@NgModule.schemas' of this component to suppress this message. (\"\n\n<ng-template #steptwocontent>\n  [ERROR ->]<app-steptwo></app-steptwo>\n</ng-template>\"): ng:///DynamicTestModule/AppComponent.html@8:2\n    at Error (native)\n    at syntaxError (C:\\ccviews\\mediumpost\\node_modules\\packages\\compiler\\esm5\\src\\util.js:183:2)\n    at TemplateParser.Object.<anonymous>.TemplateParser.parse (C:\\ccviews\\mediumpost\\node_modules\\@angular\\compiler\\bundles\\compiler.umd.js:24717:19)\n    at JitCompiler.Object.<anonymous>.JitCompiler._parseTemplate (C:\\ccviews\\mediumpost\\node_modules\\@angular\\compiler\\bundles\\compiler.umd.js:34672:37)\n    at JitCompiler.Object.<anonymous>.JitCompiler._compileTemplate (C:\\ccviews\\mediumpost\\node_modules\\packages\\compiler\\esm5\\src\\jit\\compiler.js:425:18)\n    at C:\\ccviews\\mediumpost\\node_modules\\@angular\\compiler\\bundles\\compiler.umd.js:34548:62\n    at Set.forEach (native)\n    at JitCompiler.Object.<anonymous>.JitCompiler._compileComponents (C:\\ccviews\\mediumpost\\node_modules\\@angular\\compiler\\bundles\\compiler.umd.js:34548:19)\n    at C:\\ccviews\\mediumpost\\node_modules\\packages\\compiler\\esm5\\src\\jit\\compiler.js:214:12\n    at Object.then (C:\\ccviews\\mediumpost\\node_modules\\@angular\\compiler\\bundles\\compiler.umd.js:518:77)\n    at JitCompiler.Object.<anonymous>.JitCompiler._compileModuleAndAllComponents (C:\\ccviews\\mediumpost\\node_modules\\packages\\compiler\\esm5\\src\\jit\\compiler.js:212:17)\n    at JitCompiler.Object.<anonymous>.JitCompiler.compileModuleAndAllComponentsAsync (C:\\ccviews\\mediumpost\\node_modules\\@angular\\compiler\\bundles\\compiler.umd.js:34333:37)\n    at CompilerImpl.Object.<anonymous>.CompilerImpl.compileModuleAndAllComponentsAsync (C:\\ccviews\\mediumpost\\node_modules\\packages\\platform-browser-dynamic\\esm5\\src\\compiler_factory.js:107:16)\n    at TestingCompilerImpl.Object.<anonymous>.TestingCompilerImpl.compileModuleAndAllComponentsAsync (C:\\ccviews\\mediumpost\\node_modules\\@angular\\platform-browser-dynamic\\bundles\\platform-browser-dynamic-testing.umd.js:369:31)\n    at TestBed.Object.<anonymous>.TestBed.compileComponents (C:\\ccviews\\mediumpost\\node_modules\\packages\\core\\esm5\\testing\\src\\test_bed.js:387:23)\n    at Function.Object.<anonymous>.TestBed.compileComponents (C:\\ccviews\\mediumpost\\node_modules\\packages\\core\\esm5\\testing\\src\\test_bed.js:200:33)\n    at C:\\ccviews\\mediumpost\\src\\app\\app.component.spec.ts:9:8\n    at ZoneDelegate.Object.<anonymous>.ZoneDelegate.invoke (C:\\ccviews\\mediumpost\\node_modules\\zone.js\\dist\\zone.js:388:26)\n    at AsyncTestZoneSpec.Object.<anonymous>.AsyncTestZoneSpec.onInvoke (C:\\ccviews\\mediumpost\\node_modules\\zone.js\\dist\\async-test.js:106:39)\n    at ProxyZoneSpec.Object.<anonymous>.ProxyZoneSpec.onInvoke (C:\\ccviews\\mediumpost\\node_modules\\zone.js\\dist\\proxy.js:125:39)\n    at ZoneDelegate.Object.<anonymous>.ZoneDelegate.invoke (C:\\ccviews\\mediumpost\\node_modules\\zone.js\\dist\\zone.js:387:32)\n    at Zone.Object.<anonymous>.Zone.runGuarded (C:\\ccviews\\mediumpost\\node_modules\\zone.js\\dist\\zone.js:151:47)\n    at runInTestZone (C:\\ccviews\\mediumpost\\node_modules\\@angular\\core\\bundles\\core-testing.umd.js:141:25)\n    at C:\\ccviews\\mediumpost\\node_modules\\@angular\\core\\bundles\\core-testing.umd.js:80:13\n    at ZoneDelegate.Object.<anonymous>.ZoneDelegate.invoke (C:\\ccviews\\mediumpost\\node_modules\\zone.js\\dist\\zone.js:388:26)\n    at ProxyZoneSpec.Object.<anonymous>.ProxyZoneSpec.onInvoke (C:\\ccviews\\mediumpost\\node_modules\\zone.js\\dist\\proxy.js:128:39)\n    at ZoneDelegate.Object.<anonymous>.ZoneDelegate.invoke (C:\\ccviews\\mediumpost\\node_modules\\zone.js\\dist\\zone.js:387:32)\n    at Zone.Object.<anonymous>.Zone.run (C:\\ccviews\\mediumpost\\node_modules\\zone.js\\dist\\zone.js:138:43)\n    at Object.testBody.length.done (C:\\ccviews\\mediumpost\\node_modules\\jest-zone-patch\\index.js:51:29)\n    at e (C:\\ccviews\\mediumpost\\node_modules\\jest-jasmine2\\build\\queue_runner.js:52:12)\n    at mapper (C:\\ccviews\\mediumpost\\node_modules\\jest-jasmine2\\build\\queue_runner.js:39:19)\n    at promise.then (C:\\ccviews\\mediumpost\\node_modules\\jest-jasmine2\\build\\queue_runner.js:73:82)\n    at process._tickCallback (internal/process/next_tick.js:103:7)","Error: Template parse errors:\n'app-stepone' is not a known element:\n1. If 'app-stepone' is an Angular component, then verify that it is part of this module.\n2. If 'app-stepone' is a Web Component then add 'CUSTOM_ELEMENTS_SCHEMA' to the '@NgModule.schemas' of this component to suppress this message. (\"\n  <h1>silly app</h1>\n  <div *ngIf=\"step === 1;else steptwocontent\">\n    [ERROR ->]<app-stepone (valid)=\"onValid($event)\"></app-stepone>\n  </div>\n</div>\n\"): ng:///DynamicTestModule/AppComponent.html@3:4\n'app-steptwo' is not a known element:\n1. If 'app-steptwo' is an Angular component, then verify that it is part of this module.\n2. If 'app-steptwo' is a Web Component then add 'CUSTOM_ELEMENTS_SCHEMA' to the '@NgModule.schemas' of this component to suppress this message. (\"\n\n<ng-template #steptwocontent>\n  [ERROR ->]<app-steptwo></app-steptwo>\n</ng-template>\"): ng:///DynamicTestModule/AppComponent.html@8:2\n    at Error (native)\n    at syntaxError (C:\\ccviews\\mediumpost\\node_modules\\packages\\compiler\\esm5\\src\\util.js:183:2)\n    at TemplateParser.Object.<anonymous>.TemplateParser.parse (C:\\ccviews\\mediumpost\\node_modules\\@angular\\compiler\\bundles\\compiler.umd.js:24717:19)\n    at JitCompiler.Object.<anonymous>.JitCompiler._parseTemplate (C:\\ccviews\\mediumpost\\node_modules\\@angular\\compiler\\bundles\\compiler.umd.js:34672:37)\n    at JitCompiler.Object.<anonymous>.JitCompiler._compileTemplate (C:\\ccviews\\mediumpost\\node_modules\\packages\\compiler\\esm5\\src\\jit\\compiler.js:425:18)\n    at C:\\ccviews\\mediumpost\\node_modules\\@angular\\compiler\\bundles\\compiler.umd.js:34548:62\n    at Set.forEach (native)\n    at JitCompiler.Object.<anonymous>.JitCompiler._compileComponents (C:\\ccviews\\mediumpost\\node_modules\\@angular\\compiler\\bundles\\compiler.umd.js:34548:19)\n    at C:\\ccviews\\mediumpost\\node_modules\\packages\\compiler\\esm5\\src\\jit\\compiler.js:214:12\n    at Object.then (C:\\ccviews\\mediumpost\\node_modules\\@angular\\compiler\\bundles\\compiler.umd.js:518:77)\n    at JitCompiler.Object.<anonymous>.JitCompiler._compileModuleAndAllComponents (C:\\ccviews\\mediumpost\\node_modules\\packages\\compiler\\esm5\\src\\jit\\compiler.js:212:17)\n    at JitCompiler.Object.<anonymous>.JitCompiler.compileModuleAndAllComponentsSync (C:\\ccviews\\mediumpost\\node_modules\\@angular\\compiler\\bundles\\compiler.umd.js:34322:42)\n    at CompilerImpl.Object.<anonymous>.CompilerImpl.compileModuleAndAllComponentsSync (C:\\ccviews\\mediumpost\\node_modules\\packages\\platform-browser-dynamic\\esm5\\src\\compiler_factory.js:90:7)\n    at TestingCompilerImpl.Object.<anonymous>.TestingCompilerImpl.compileModuleAndAllComponentsSync (C:\\ccviews\\mediumpost\\node_modules\\@angular\\platform-browser-dynamic\\bundles\\platform-browser-dynamic-testing.umd.js:356:31)\n    at TestBed.Object.<anonymous>.TestBed._initIfNeeded (C:\\ccviews\\mediumpost\\node_modules\\packages\\core\\esm5\\testing\\src\\test_bed.js:400:36)\n    at TestBed.Object.<anonymous>.TestBed.createComponent (C:\\ccviews\\mediumpost\\node_modules\\packages\\core\\esm5\\testing\\src\\test_bed.js:557:13)\n    at Function.Object.<anonymous>.TestBed.createComponent (C:\\ccviews\\mediumpost\\node_modules\\@angular\\core\\bundles\\core-testing.umd.js:871:29)\n    at C:\\ccviews\\mediumpost\\src\\app\\app.component.spec.ts:12:29\n    at ZoneDelegate.Object.<anonymous>.ZoneDelegate.invoke (C:\\ccviews\\mediumpost\\node_modules\\zone.js\\dist\\zone.js:388:26)\n    at AsyncTestZoneSpec.Object.<anonymous>.AsyncTestZoneSpec.onInvoke (C:\\ccviews\\mediumpost\\node_modules\\zone.js\\dist\\async-test.js:106:39)\n    at ProxyZoneSpec.Object.<anonymous>.ProxyZoneSpec.onInvoke (C:\\ccviews\\mediumpost\\node_modules\\zone.js\\dist\\proxy.js:125:39)\n    at ZoneDelegate.Object.<anonymous>.ZoneDelegate.invoke (C:\\ccviews\\mediumpost\\node_modules\\zone.js\\dist\\zone.js:387:32)\n    at Zone.Object.<anonymous>.Zone.runGuarded (C:\\ccviews\\mediumpost\\node_modules\\zone.js\\dist\\zone.js:151:47)\n    at runInTestZone (C:\\ccviews\\mediumpost\\node_modules\\@angular\\core\\bundles\\core-testing.umd.js:141:25)\n    at C:\\ccviews\\mediumpost\\node_modules\\@angular\\core\\bundles\\core-testing.umd.js:80:13\n    at ZoneDelegate.Object.<anonymous>.ZoneDelegate.invoke (C:\\ccviews\\mediumpost\\node_modules\\zone.js\\dist\\zone.js:388:26)\n    at ProxyZoneSpec.Object.<anonymous>.ProxyZoneSpec.onInvoke (C:\\ccviews\\mediumpost\\node_modules\\zone.js\\dist\\proxy.js:128:39)\n    at ZoneDelegate.Object.<anonymous>.ZoneDelegate.invoke (C:\\ccviews\\mediumpost\\node_modules\\zone.js\\dist\\zone.js:387:32)\n    at Zone.Object.<anonymous>.Zone.run (C:\\ccviews\\mediumpost\\node_modules\\zone.js\\dist\\zone.js:138:43)\n    at Object.testBody.length.done (C:\\ccviews\\mediumpost\\node_modules\\jest-zone-patch\\index.js:51:29)\n    at e (C:\\ccviews\\mediumpost\\node_modules\\jest-jasmine2\\build\\queue_runner.js:52:12)\n    at mapper (C:\\ccviews\\mediumpost\\node_modules\\jest-jasmine2\\build\\queue_runner.js:39:19)\n    at promise.then (C:\\ccviews\\mediumpost\\node_modules\\jest-jasmine2\\build\\queue_runner.js:73:82)\n    at process._tickCallback (internal/process/next_tick.js:103:7)"],"fullName":"AppComponent should create the app","location":null,"status":"failed","title":"should create the app"},{"ancestorTitles":[],"failureMessages":["Error: Template parse errors:\n'app-stepone' is not a known element:\n1. If 'app-stepone' is an Angular component, then verify that it is part of this module.\n2. If 'app-stepone' is a Web Component then add 'CUSTOM_ELEMENTS_SCHEMA' to the '@NgModule.schemas' of this component to suppress this message. (\"\n  <h1>silly app</h1>\n  <div *ngIf=\"step === 1;else steptwocontent\">\n    [ERROR ->]<app-stepone (valid)=\"onValid($event)\"></app-stepone>\n  </div>\n</div>\n\"): ng:///DynamicTestModule/AppComponent.html@3:4\n'app-steptwo' is not a known element:\n1. If 'app-steptwo' is an Angular component, then verify that it is part of this module.\n2. If 'app-steptwo' is a Web Component then add 'CUSTOM_ELEMENTS_SCHEMA' to the '@NgModule.schemas' of this component to suppress this message. (\"\n\n<ng-template #steptwocontent>\n  [ERROR ->]<app-steptwo></app-steptwo>\n</ng-template>\"): ng:///DynamicTestModule/AppComponent.html@8:2\n    at Error (native)\n    at syntaxError (C:\\ccviews\\mediumpost\\node_modules\\packages\\compiler\\esm5\\src\\util.js:183:2)\n    at TemplateParser.Object.<anonymous>.TemplateParser.parse (C:\\ccviews\\mediumpost\\node_modules\\@angular\\compiler\\bundles\\compiler.umd.js:24717:19)\n    at JitCompiler.Object.<anonymous>.JitCompiler._parseTemplate (C:\\ccviews\\mediumpost\\node_modules\\@angular\\compiler\\bundles\\compiler.umd.js:34672:37)\n    at JitCompiler.Object.<anonymous>.JitCompiler._compileTemplate (C:\\ccviews\\mediumpost\\node_modules\\packages\\compiler\\esm5\\src\\jit\\compiler.js:425:18)\n    at C:\\ccviews\\mediumpost\\node_modules\\@angular\\compiler\\bundles\\compiler.umd.js:34548:62\n    at Set.forEach (native)\n    at JitCompiler.Object.<anonymous>.JitCompiler._compileComponents (C:\\ccviews\\mediumpost\\node_modules\\@angular\\compiler\\bundles\\compiler.umd.js:34548:19)\n    at C:\\ccviews\\mediumpost\\node_modules\\packages\\compiler\\esm5\\src\\jit\\compiler.js:214:12\n    at Object.then (C:\\ccviews\\mediumpost\\node_modules\\@angular\\compiler\\bundles\\compiler.umd.js:518:77)\n    at JitCompiler.Object.<anonymous>.JitCompiler._compileModuleAndAllComponents (C:\\ccviews\\mediumpost\\node_modules\\packages\\compiler\\esm5\\src\\jit\\compiler.js:212:17)\n    at JitCompiler.Object.<anonymous>.JitCompiler.compileModuleAndAllComponentsAsync (C:\\ccviews\\mediumpost\\node_modules\\@angular\\compiler\\bundles\\compiler.umd.js:34333:37)\n    at CompilerImpl.Object.<anonymous>.CompilerImpl.compileModuleAndAllComponentsAsync (C:\\ccviews\\mediumpost\\node_modules\\packages\\platform-browser-dynamic\\esm5\\src\\compiler_factory.js:107:16)\n    at TestingCompilerImpl.Object.<anonymous>.TestingCompilerImpl.compileModuleAndAllComponentsAsync (C:\\ccviews\\mediumpost\\node_modules\\@angular\\platform-browser-dynamic\\bundles\\platform-browser-dynamic-testing.umd.js:369:31)\n    at TestBed.Object.<anonymous>.TestBed.compileComponents (C:\\ccviews\\mediumpost\\node_modules\\packages\\core\\esm5\\testing\\src\\test_bed.js:387:23)\n    at Function.Object.<anonymous>.TestBed.compileComponents (C:\\ccviews\\mediumpost\\node_modules\\packages\\core\\esm5\\testing\\src\\test_bed.js:200:33)\n    at C:\\ccviews\\mediumpost\\src\\app\\app.component.spec.ts:9:8\n    at ZoneDelegate.Object.<anonymous>.ZoneDelegate.invoke (C:\\ccviews\\mediumpost\\node_modules\\zone.js\\dist\\zone.js:388:26)\n    at AsyncTestZoneSpec.Object.<anonymous>.AsyncTestZoneSpec.onInvoke (C:\\ccviews\\mediumpost\\node_modules\\zone.js\\dist\\async-test.js:106:39)\n    at ProxyZoneSpec.Object.<anonymous>.ProxyZoneSpec.onInvoke (C:\\ccviews\\mediumpost\\node_modules\\zone.js\\dist\\proxy.js:125:39)\n    at ZoneDelegate.Object.<anonymous>.ZoneDelegate.invoke (C:\\ccviews\\mediumpost\\node_modules\\zone.js\\dist\\zone.js:387:32)\n    at Zone.Object.<anonymous>.Zone.runGuarded (C:\\ccviews\\mediumpost\\node_modules\\zone.js\\dist\\zone.js:151:47)\n    at runInTestZone (C:\\ccviews\\mediumpost\\node_modules\\@angular\\core\\bundles\\core-testing.umd.js:141:25)\n    at C:\\ccviews\\mediumpost\\node_modules\\@angular\\core\\bundles\\core-testing.umd.js:80:13\n    at ZoneDelegate.Object.<anonymous>.ZoneDelegate.invoke (C:\\ccviews\\mediumpost\\node_modules\\zone.js\\dist\\zone.js:388:26)\n    at ProxyZoneSpec.Object.<anonymous>.ProxyZoneSpec.onInvoke (C:\\ccviews\\mediumpost\\node_modules\\zone.js\\dist\\proxy.js:128:39)\n    at ZoneDelegate.Object.<anonymous>.ZoneDelegate.invoke (C:\\ccviews\\mediumpost\\node_modules\\zone.js\\dist\\zone.js:387:32)\n    at Zone.Object.<anonymous>.Zone.run (C:\\ccviews\\mediumpost\\node_modules\\zone.js\\dist\\zone.js:138:43)\n    at Object.testBody.length.done (C:\\ccviews\\mediumpost\\node_modules\\jest-zone-patch\\index.js:51:29)\n    at e (C:\\ccviews\\mediumpost\\node_modules\\jest-jasmine2\\build\\queue_runner.js:52:12)\n    at mapper (C:\\ccviews\\mediumpost\\node_modules\\jest-jasmine2\\build\\queue_runner.js:39:19)\n    at promise.then (C:\\ccviews\\mediumpost\\node_modules\\jest-jasmine2\\build\\queue_runner.js:73:82)\n    at process._tickCallback (internal/process/next_tick.js:103:7)","Error: Template parse errors:\n'app-stepone' is not a known element:\n1. If 'app-stepone' is an Angular component, then verify that it is part of this module.\n2. If 'app-stepone' is a Web Component then add 'CUSTOM_ELEMENTS_SCHEMA' to the '@NgModule.schemas' of this component to suppress this message. (\"\n  <h1>silly app</h1>\n  <div *ngIf=\"step === 1;else steptwocontent\">\n    [ERROR ->]<app-stepone (valid)=\"onValid($event)\"></app-stepone>\n  </div>\n</div>\n\"): ng:///DynamicTestModule/AppComponent.html@3:4\n'app-steptwo' is not a known element:\n1. If 'app-steptwo' is an Angular component, then verify that it is part of this module.\n2. If 'app-steptwo' is a Web Component then add 'CUSTOM_ELEMENTS_SCHEMA' to the '@NgModule.schemas' of this component to suppress this message. (\"\n\n<ng-template #steptwocontent>\n  [ERROR ->]<app-steptwo></app-steptwo>\n</ng-template>\"): ng:///DynamicTestModule/AppComponent.html@8:2\n    at Error (native)\n    at syntaxError (C:\\ccviews\\mediumpost\\node_modules\\packages\\compiler\\esm5\\src\\util.js:183:2)\n    at TemplateParser.Object.<anonymous>.TemplateParser.parse (C:\\ccviews\\mediumpost\\node_modules\\@angular\\compiler\\bundles\\compiler.umd.js:24717:19)\n    at JitCompiler.Object.<anonymous>.JitCompiler._parseTemplate (C:\\ccviews\\mediumpost\\node_modules\\@angular\\compiler\\bundles\\compiler.umd.js:34672:37)\n    at JitCompiler.Object.<anonymous>.JitCompiler._compileTemplate (C:\\ccviews\\mediumpost\\node_modules\\packages\\compiler\\esm5\\src\\jit\\compiler.js:425:18)\n    at C:\\ccviews\\mediumpost\\node_modules\\@angular\\compiler\\bundles\\compiler.umd.js:34548:62\n    at Set.forEach (native)\n    at JitCompiler.Object.<anonymous>.JitCompiler._compileComponents (C:\\ccviews\\mediumpost\\node_modules\\@angular\\compiler\\bundles\\compiler.umd.js:34548:19)\n    at C:\\ccviews\\mediumpost\\node_modules\\packages\\compiler\\esm5\\src\\jit\\compiler.js:214:12\n    at Object.then (C:\\ccviews\\mediumpost\\node_modules\\@angular\\compiler\\bundles\\compiler.umd.js:518:77)\n    at JitCompiler.Object.<anonymous>.JitCompiler._compileModuleAndAllComponents (C:\\ccviews\\mediumpost\\node_modules\\packages\\compiler\\esm5\\src\\jit\\compiler.js:212:17)\n    at JitCompiler.Object.<anonymous>.JitCompiler.compileModuleAndAllComponentsSync (C:\\ccviews\\mediumpost\\node_modules\\@angular\\compiler\\bundles\\compiler.umd.js:34322:42)\n    at CompilerImpl.Object.<anonymous>.CompilerImpl.compileModuleAndAllComponentsSync (C:\\ccviews\\mediumpost\\node_modules\\packages\\platform-browser-dynamic\\esm5\\src\\compiler_factory.js:90:7)\n    at TestingCompilerImpl.Object.<anonymous>.TestingCompilerImpl.compileModuleAndAllComponentsSync (C:\\ccviews\\mediumpost\\node_modules\\@angular\\platform-browser-dynamic\\bundles\\platform-browser-dynamic-testing.umd.js:356:31)\n    at TestBed.Object.<anonymous>.TestBed._initIfNeeded (C:\\ccviews\\mediumpost\\node_modules\\packages\\core\\esm5\\testing\\src\\test_bed.js:400:36)\n    at TestBed.Object.<anonymous>.TestBed.createComponent (C:\\ccviews\\mediumpost\\node_modules\\packages\\core\\esm5\\testing\\src\\test_bed.js:557:13)\n    at Function.Object.<anonymous>.TestBed.createComponent (C:\\ccviews\\mediumpost\\node_modules\\@angular\\core\\bundles\\core-testing.umd.js:871:29)\n    at C:\\ccviews\\mediumpost\\src\\app\\app.component.spec.ts:17:29\n    at ZoneDelegate.Object.<anonymous>.ZoneDelegate.invoke (C:\\ccviews\\mediumpost\\node_modules\\zone.js\\dist\\zone.js:388:26)\n    at AsyncTestZoneSpec.Object.<anonymous>.AsyncTestZoneSpec.onInvoke (C:\\ccviews\\mediumpost\\node_modules\\zone.js\\dist\\async-test.js:106:39)\n    at ProxyZoneSpec.Object.<anonymous>.ProxyZoneSpec.onInvoke (C:\\ccviews\\mediumpost\\node_modules\\zone.js\\dist\\proxy.js:125:39)\n    at ZoneDelegate.Object.<anonymous>.ZoneDelegate.invoke (C:\\ccviews\\mediumpost\\node_modules\\zone.js\\dist\\zone.js:387:32)\n    at Zone.Object.<anonymous>.Zone.runGuarded (C:\\ccviews\\mediumpost\\node_modules\\zone.js\\dist\\zone.js:151:47)\n    at runInTestZone (C:\\ccviews\\mediumpost\\node_modules\\@angular\\core\\bundles\\core-testing.umd.js:141:25)\n    at C:\\ccviews\\mediumpost\\node_modules\\@angular\\core\\bundles\\core-testing.umd.js:80:13\n    at ZoneDelegate.Object.<anonymous>.ZoneDelegate.invoke (C:\\ccviews\\mediumpost\\node_modules\\zone.js\\dist\\zone.js:388:26)\n    at ProxyZoneSpec.Object.<anonymous>.ProxyZoneSpec.onInvoke (C:\\ccviews\\mediumpost\\node_modules\\zone.js\\dist\\proxy.js:128:39)\n    at ZoneDelegate.Object.<anonymous>.ZoneDelegate.invoke (C:\\ccviews\\mediumpost\\node_modules\\zone.js\\dist\\zone.js:387:32)\n    at Zone.Object.<anonymous>.Zone.run (C:\\ccviews\\mediumpost\\node_modules\\zone.js\\dist\\zone.js:138:43)\n    at Object.testBody.length.done (C:\\ccviews\\mediumpost\\node_modules\\jest-zone-patch\\index.js:51:29)\n    at e (C:\\ccviews\\mediumpost\\node_modules\\jest-jasmine2\\build\\queue_runner.js:52:12)\n    at mapper (C:\\ccviews\\mediumpost\\node_modules\\jest-jasmine2\\build\\queue_runner.js:39:19)\n    at promise.then (C:\\ccviews\\mediumpost\\node_modules\\jest-jasmine2\\build\\queue_runner.js:73:82)\n    at process._tickCallback (internal/process/next_tick.js:103:7)"],"fullName":"AppComponent should have as title 'app'","location":null,"status":"failed","title":"should have as title 'app'"},{"ancestorTitles":[],"failureMessages":["Error: Template parse errors:\n'app-stepone' is not a known element:\n1. If 'app-stepone' is an Angular component, then verify that it is part of this module.\n2. If 'app-stepone' is a Web Component then add 'CUSTOM_ELEMENTS_SCHEMA' to the '@NgModule.schemas' of this component to suppress this message. (\"\n  <h1>silly app</h1>\n  <div *ngIf=\"step === 1;else steptwocontent\">\n    [ERROR ->]<app-stepone (valid)=\"onValid($event)\"></app-stepone>\n  </div>\n</div>\n\"): ng:///DynamicTestModule/AppComponent.html@3:4\n'app-steptwo' is not a known element:\n1. If 'app-steptwo' is an Angular component, then verify that it is part of this module.\n2. If 'app-steptwo' is a Web Component then add 'CUSTOM_ELEMENTS_SCHEMA' to the '@NgModule.schemas' of this component to suppress this message. (\"\n\n<ng-template #steptwocontent>\n  [ERROR ->]<app-steptwo></app-steptwo>\n</ng-template>\"): ng:///DynamicTestModule/AppComponent.html@8:2\n    at Error (native)\n    at syntaxError (C:\\ccviews\\mediumpost\\node_modules\\packages\\compiler\\esm5\\src\\util.js:183:2)\n    at TemplateParser.Object.<anonymous>.TemplateParser.parse (C:\\ccviews\\mediumpost\\node_modules\\@angular\\compiler\\bundles\\compiler.umd.js:24717:19)\n    at JitCompiler.Object.<anonymous>.JitCompiler._parseTemplate (C:\\ccviews\\mediumpost\\node_modules\\@angular\\compiler\\bundles\\compiler.umd.js:34672:37)\n    at JitCompiler.Object.<anonymous>.JitCompiler._compileTemplate (C:\\ccviews\\mediumpost\\node_modules\\packages\\compiler\\esm5\\src\\jit\\compiler.js:425:18)\n    at C:\\ccviews\\mediumpost\\node_modules\\@angular\\compiler\\bundles\\compiler.umd.js:34548:62\n    at Set.forEach (native)\n    at JitCompiler.Object.<anonymous>.JitCompiler._compileComponents (C:\\ccviews\\mediumpost\\node_modules\\@angular\\compiler\\bundles\\compiler.umd.js:34548:19)\n    at C:\\ccviews\\mediumpost\\node_modules\\packages\\compiler\\esm5\\src\\jit\\compiler.js:214:12\n    at Object.then (C:\\ccviews\\mediumpost\\node_modules\\@angular\\compiler\\bundles\\compiler.umd.js:518:77)\n    at JitCompiler.Object.<anonymous>.JitCompiler._compileModuleAndAllComponents (C:\\ccviews\\mediumpost\\node_modules\\packages\\compiler\\esm5\\src\\jit\\compiler.js:212:17)\n    at JitCompiler.Object.<anonymous>.JitCompiler.compileModuleAndAllComponentsAsync (C:\\ccviews\\mediumpost\\node_modules\\@angular\\compiler\\bundles\\compiler.umd.js:34333:37)\n    at CompilerImpl.Object.<anonymous>.CompilerImpl.compileModuleAndAllComponentsAsync (C:\\ccviews\\mediumpost\\node_modules\\packages\\platform-browser-dynamic\\esm5\\src\\compiler_factory.js:107:16)\n    at TestingCompilerImpl.Object.<anonymous>.TestingCompilerImpl.compileModuleAndAllComponentsAsync (C:\\ccviews\\mediumpost\\node_modules\\@angular\\platform-browser-dynamic\\bundles\\platform-browser-dynamic-testing.umd.js:369:31)\n    at TestBed.Object.<anonymous>.TestBed.compileComponents (C:\\ccviews\\mediumpost\\node_modules\\packages\\core\\esm5\\testing\\src\\test_bed.js:387:23)\n    at Function.Object.<anonymous>.TestBed.compileComponents (C:\\ccviews\\mediumpost\\node_modules\\packages\\core\\esm5\\testing\\src\\test_bed.js:200:33)\n    at C:\\ccviews\\mediumpost\\src\\app\\app.component.spec.ts:9:8\n    at ZoneDelegate.Object.<anonymous>.ZoneDelegate.invoke (C:\\ccviews\\mediumpost\\node_modules\\zone.js\\dist\\zone.js:388:26)\n    at AsyncTestZoneSpec.Object.<anonymous>.AsyncTestZoneSpec.onInvoke (C:\\ccviews\\mediumpost\\node_modules\\zone.js\\dist\\async-test.js:106:39)\n    at ProxyZoneSpec.Object.<anonymous>.ProxyZoneSpec.onInvoke (C:\\ccviews\\mediumpost\\node_modules\\zone.js\\dist\\proxy.js:125:39)\n    at ZoneDelegate.Object.<anonymous>.ZoneDelegate.invoke (C:\\ccviews\\mediumpost\\node_modules\\zone.js\\dist\\zone.js:387:32)\n    at Zone.Object.<anonymous>.Zone.runGuarded (C:\\ccviews\\mediumpost\\node_modules\\zone.js\\dist\\zone.js:151:47)\n    at runInTestZone (C:\\ccviews\\mediumpost\\node_modules\\@angular\\core\\bundles\\core-testing.umd.js:141:25)\n    at C:\\ccviews\\mediumpost\\node_modules\\@angular\\core\\bundles\\core-testing.umd.js:80:13\n    at ZoneDelegate.Object.<anonymous>.ZoneDelegate.invoke (C:\\ccviews\\mediumpost\\node_modules\\zone.js\\dist\\zone.js:388:26)\n    at ProxyZoneSpec.Object.<anonymous>.ProxyZoneSpec.onInvoke (C:\\ccviews\\mediumpost\\node_modules\\zone.js\\dist\\proxy.js:128:39)\n    at ZoneDelegate.Object.<anonymous>.ZoneDelegate.invoke (C:\\ccviews\\mediumpost\\node_modules\\zone.js\\dist\\zone.js:387:32)\n    at Zone.Object.<anonymous>.Zone.run (C:\\ccviews\\mediumpost\\node_modules\\zone.js\\dist\\zone.js:138:43)\n    at Object.testBody.length.done (C:\\ccviews\\mediumpost\\node_modules\\jest-zone-patch\\index.js:51:29)\n    at e (C:\\ccviews\\mediumpost\\node_modules\\jest-jasmine2\\build\\queue_runner.js:52:12)\n    at mapper (C:\\ccviews\\mediumpost\\node_modules\\jest-jasmine2\\build\\queue_runner.js:39:19)\n    at promise.then (C:\\ccviews\\mediumpost\\node_modules\\jest-jasmine2\\build\\queue_runner.js:73:82)\n    at process._tickCallback (internal/process/next_tick.js:103:7)","Error: Template parse errors:\n'app-stepone' is not a known element:\n1. If 'app-stepone' is an Angular component, then verify that it is part of this module.\n2. If 'app-stepone' is a Web Component then add 'CUSTOM_ELEMENTS_SCHEMA' to the '@NgModule.schemas' of this component to suppress this message. (\"\n  <h1>silly app</h1>\n  <div *ngIf=\"step === 1;else steptwocontent\">\n    [ERROR ->]<app-stepone (valid)=\"onValid($event)\"></app-stepone>\n  </div>\n</div>\n\"): ng:///DynamicTestModule/AppComponent.html@3:4\n'app-steptwo' is not a known element:\n1. If 'app-steptwo' is an Angular component, then verify that it is part of this module.\n2. If 'app-steptwo' is a Web Component then add 'CUSTOM_ELEMENTS_SCHEMA' to the '@NgModule.schemas' of this component to suppress this message. (\"\n\n<ng-template #steptwocontent>\n  [ERROR ->]<app-steptwo></app-steptwo>\n</ng-template>\"): ng:///DynamicTestModule/AppComponent.html@8:2\n    at Error (native)\n    at syntaxError (C:\\ccviews\\mediumpost\\node_modules\\packages\\compiler\\esm5\\src\\util.js:183:2)\n    at TemplateParser.Object.<anonymous>.TemplateParser.parse (C:\\ccviews\\mediumpost\\node_modules\\@angular\\compiler\\bundles\\compiler.umd.js:24717:19)\n    at JitCompiler.Object.<anonymous>.JitCompiler._parseTemplate (C:\\ccviews\\mediumpost\\node_modules\\@angular\\compiler\\bundles\\compiler.umd.js:34672:37)\n    at JitCompiler.Object.<anonymous>.JitCompiler._compileTemplate (C:\\ccviews\\mediumpost\\node_modules\\packages\\compiler\\esm5\\src\\jit\\compiler.js:425:18)\n    at C:\\ccviews\\mediumpost\\node_modules\\@angular\\compiler\\bundles\\compiler.umd.js:34548:62\n    at Set.forEach (native)\n    at JitCompiler.Object.<anonymous>.JitCompiler._compileComponents (C:\\ccviews\\mediumpost\\node_modules\\@angular\\compiler\\bundles\\compiler.umd.js:34548:19)\n    at C:\\ccviews\\mediumpost\\node_modules\\packages\\compiler\\esm5\\src\\jit\\compiler.js:214:12\n    at Object.then (C:\\ccviews\\mediumpost\\node_modules\\@angular\\compiler\\bundles\\compiler.umd.js:518:77)\n    at JitCompiler.Object.<anonymous>.JitCompiler._compileModuleAndAllComponents (C:\\ccviews\\mediumpost\\node_modules\\packages\\compiler\\esm5\\src\\jit\\compiler.js:212:17)\n    at JitCompiler.Object.<anonymous>.JitCompiler.compileModuleAndAllComponentsSync (C:\\ccviews\\mediumpost\\node_modules\\@angular\\compiler\\bundles\\compiler.umd.js:34322:42)\n    at CompilerImpl.Object.<anonymous>.CompilerImpl.compileModuleAndAllComponentsSync (C:\\ccviews\\mediumpost\\node_modules\\packages\\platform-browser-dynamic\\esm5\\src\\compiler_factory.js:90:7)\n    at TestingCompilerImpl.Object.<anonymous>.TestingCompilerImpl.compileModuleAndAllComponentsSync (C:\\ccviews\\mediumpost\\node_modules\\@angular\\platform-browser-dynamic\\bundles\\platform-browser-dynamic-testing.umd.js:356:31)\n    at TestBed.Object.<anonymous>.TestBed._initIfNeeded (C:\\ccviews\\mediumpost\\node_modules\\packages\\core\\esm5\\testing\\src\\test_bed.js:400:36)\n    at TestBed.Object.<anonymous>.TestBed.createComponent (C:\\ccviews\\mediumpost\\node_modules\\packages\\core\\esm5\\testing\\src\\test_bed.js:557:13)\n    at Function.Object.<anonymous>.TestBed.createComponent (C:\\ccviews\\mediumpost\\node_modules\\@angular\\core\\bundles\\core-testing.umd.js:871:29)\n    at C:\\ccviews\\mediumpost\\src\\app\\app.component.spec.ts:22:29\n    at ZoneDelegate.Object.<anonymous>.ZoneDelegate.invoke (C:\\ccviews\\mediumpost\\node_modules\\zone.js\\dist\\zone.js:388:26)\n    at AsyncTestZoneSpec.Object.<anonymous>.AsyncTestZoneSpec.onInvoke (C:\\ccviews\\mediumpost\\node_modules\\zone.js\\dist\\async-test.js:106:39)\n    at ProxyZoneSpec.Object.<anonymous>.ProxyZoneSpec.onInvoke (C:\\ccviews\\mediumpost\\node_modules\\zone.js\\dist\\proxy.js:125:39)\n    at ZoneDelegate.Object.<anonymous>.ZoneDelegate.invoke (C:\\ccviews\\mediumpost\\node_modules\\zone.js\\dist\\zone.js:387:32)\n    at Zone.Object.<anonymous>.Zone.runGuarded (C:\\ccviews\\mediumpost\\node_modules\\zone.js\\dist\\zone.js:151:47)\n    at runInTestZone (C:\\ccviews\\mediumpost\\node_modules\\@angular\\core\\bundles\\core-testing.umd.js:141:25)\n    at C:\\ccviews\\mediumpost\\node_modules\\@angular\\core\\bundles\\core-testing.umd.js:80:13\n    at ZoneDelegate.Object.<anonymous>.ZoneDelegate.invoke (C:\\ccviews\\mediumpost\\node_modules\\zone.js\\dist\\zone.js:388:26)\n    at ProxyZoneSpec.Object.<anonymous>.ProxyZoneSpec.onInvoke (C:\\ccviews\\mediumpost\\node_modules\\zone.js\\dist\\proxy.js:128:39)\n    at ZoneDelegate.Object.<anonymous>.ZoneDelegate.invoke (C:\\ccviews\\mediumpost\\node_modules\\zone.js\\dist\\zone.js:387:32)\n    at Zone.Object.<anonymous>.Zone.run (C:\\ccviews\\mediumpost\\node_modules\\zone.js\\dist\\zone.js:138:43)\n    at Object.testBody.length.done (C:\\ccviews\\mediumpost\\node_modules\\jest-zone-patch\\index.js:51:29)\n    at e (C:\\ccviews\\mediumpost\\node_modules\\jest-jasmine2\\build\\queue_runner.js:52:12)\n    at mapper (C:\\ccviews\\mediumpost\\node_modules\\jest-jasmine2\\build\\queue_runner.js:39:19)\n    at promise.then (C:\\ccviews\\mediumpost\\node_modules\\jest-jasmine2\\build\\queue_runner.js:73:82)\n    at process._tickCallback (internal/process/next_tick.js:103:7)"],"fullName":"AppComponent should render title in a h1 tag","location":null,"status":"failed","title":"should render title in a h1 tag"}],"endTime":1526536865828,"message":"  ● AppComponent › should create the app\n\n    Template parse errors:\n    'app-stepone' is not a known element:\n    1. If 'app-stepone' is an Angular component, then verify that it is part of this module.\n    2. If 'app-stepone' is a Web Component then add 'CUSTOM_ELEMENTS_SCHEMA' to the '@NgModule.schemas' of this component to suppress this message. (\"\n      <h1>silly app</h1>\n      <div *ngIf=\"step === 1;else steptwocontent\">\n        [ERROR ->]<app-stepone (valid)=\"onValid($event)\"></app-stepone>\n      </div>\n    </div>\n    \"): ng:///DynamicTestModule/AppComponent.html@3:4\n    'app-steptwo' is not a known element:\n    1. If 'app-steptwo' is an Angular component, then verify that it is part of this module.\n    2. If 'app-steptwo' is a Web Component then add 'CUSTOM_ELEMENTS_SCHEMA' to the '@NgModule.schemas' of this component to suppress this message. (\"\n    \n    <ng-template #steptwocontent>\n      [ERROR ->]<app-steptwo></app-steptwo>\n    </ng-template>\"): ng:///DynamicTestModule/AppComponent.html@8:2\n        at Error (native)\n\n       7 |         AppComponent\n       8 |       ],\n    >  9 |     }).compileComponents();\n      10 |   }));\n      11 |   it('should create the app', async(() => {\n      12 |     const fixture = TestBed.createComponent(AppComponent);\n      \n      at syntaxError (node_modules/packages/compiler/esm5/src/util.js:183:2)\n      at TemplateParser.Object.<anonymous>.TemplateParser.parse (node_modules/@angular/compiler/bundles/compiler.umd.js:24717:19)\n      at JitCompiler.Object.<anonymous>.JitCompiler._parseTemplate (node_modules/@angular/compiler/bundles/compiler.umd.js:34672:37)\n      at JitCompiler.Object.<anonymous>.JitCompiler._compileTemplate (node_modules/packages/compiler/esm5/src/jit/compiler.js:425:18)\n      at node_modules/@angular/compiler/bundles/compiler.umd.js:34548:62\n      at Set.forEach (native)\n      at JitCompiler.Object.<anonymous>.JitCompiler._compileComponents (node_modules/@angular/compiler/bundles/compiler.umd.js:34548:19)\n      at node_modules/packages/compiler/esm5/src/jit/compiler.js:214:12\n      at Object.then (node_modules/@angular/compiler/bundles/compiler.umd.js:518:77)\n      at JitCompiler.Object.<anonymous>.JitCompiler._compileModuleAndAllComponents (node_modules/packages/compiler/esm5/src/jit/compiler.js:212:17)\n      at JitCompiler.Object.<anonymous>.JitCompiler.compileModuleAndAllComponentsAsync (node_modules/@angular/compiler/bundles/compiler.umd.js:34333:37)\n      at CompilerImpl.Object.<anonymous>.CompilerImpl.compileModuleAndAllComponentsAsync (node_modules/packages/platform-browser-dynamic/esm5/src/compiler_factory.js:107:16)\n      at TestingCompilerImpl.Object.<anonymous>.TestingCompilerImpl.compileModuleAndAllComponentsAsync (node_modules/@angular/platform-browser-dynamic/bundles/platform-browser-dynamic-testing.umd.js:369:31)\n      at TestBed.Object.<anonymous>.TestBed.compileComponents (node_modules/packages/core/esm5/testing/src/test_bed.js:387:23)\n      at Function.Object.<anonymous>.TestBed.compileComponents (node_modules/packages/core/esm5/testing/src/test_bed.js:200:33)\n      at src/app/app.component.spec.ts:9:8\n      at ZoneDelegate.Object.<anonymous>.ZoneDelegate.invoke (node_modules/zone.js/dist/zone.js:388:26)\n      at AsyncTestZoneSpec.Object.<anonymous>.AsyncTestZoneSpec.onInvoke (node_modules/zone.js/dist/async-test.js:106:39)\n      at ProxyZoneSpec.Object.<anonymous>.ProxyZoneSpec.onInvoke (node_modules/zone.js/dist/proxy.js:125:39)\n      at ZoneDelegate.Object.<anonymous>.ZoneDelegate.invoke (node_modules/zone.js/dist/zone.js:387:32)\n      at Zone.Object.<anonymous>.Zone.runGuarded (node_modules/zone.js/dist/zone.js:151:47)\n      at runInTestZone (node_modules/@angular/core/bundles/core-testing.umd.js:141:25)\n      at node_modules/@angular/core/bundles/core-testing.umd.js:80:13\n      at ZoneDelegate.Object.<anonymous>.ZoneDelegate.invoke (node_modules/zone.js/dist/zone.js:388:26)\n      at ProxyZoneSpec.Object.<anonymous>.ProxyZoneSpec.onInvoke (node_modules/zone.js/dist/proxy.js:128:39)\n      at ZoneDelegate.Object.<anonymous>.ZoneDelegate.invoke (node_modules/zone.js/dist/zone.js:387:32)\n      at Zone.Object.<anonymous>.Zone.run (node_modules/zone.js/dist/zone.js:138:43)\n      at Object.testBody.length.done (node_modules/jest-zone-patch/index.js:51:29)\n\n  ● AppComponent › should create the app\n\n    Template parse errors:\n    'app-stepone' is not a known element:\n    1. If 'app-stepone' is an Angular component, then verify that it is part of this module.\n    2. If 'app-stepone' is a Web Component then add 'CUSTOM_ELEMENTS_SCHEMA' to the '@NgModule.schemas' of this component to suppress this message. (\"\n      <h1>silly app</h1>\n      <div *ngIf=\"step === 1;else steptwocontent\">\n        [ERROR ->]<app-stepone (valid)=\"onValid($event)\"></app-stepone>\n      </div>\n    </div>\n    \"): ng:///DynamicTestModule/AppComponent.html@3:4\n    'app-steptwo' is not a known element:\n    1. If 'app-steptwo' is an Angular component, then verify that it is part of this module.\n    2. If 'app-steptwo' is a Web Component then add 'CUSTOM_ELEMENTS_SCHEMA' to the '@NgModule.schemas' of this component to suppress this message. (\"\n    \n    <ng-template #steptwocontent>\n      [ERROR ->]<app-steptwo></app-steptwo>\n    </ng-template>\"): ng:///DynamicTestModule/AppComponent.html@8:2\n        at Error (native)\n\n      10 |   }));\n      11 |   it('should create the app', async(() => {\n    > 12 |     const fixture = TestBed.createComponent(AppComponent);\n      13 |     const app = fixture.debugElement.componentInstance;\n      14 |     expect(app).toBeTruthy();\n      15 |   }));\n      \n      at syntaxError (node_modules/packages/compiler/esm5/src/util.js:183:2)\n      at TemplateParser.Object.<anonymous>.TemplateParser.parse (node_modules/@angular/compiler/bundles/compiler.umd.js:24717:19)\n      at JitCompiler.Object.<anonymous>.JitCompiler._parseTemplate (node_modules/@angular/compiler/bundles/compiler.umd.js:34672:37)\n      at JitCompiler.Object.<anonymous>.JitCompiler._compileTemplate (node_modules/packages/compiler/esm5/src/jit/compiler.js:425:18)\n      at node_modules/@angular/compiler/bundles/compiler.umd.js:34548:62\n      at Set.forEach (native)\n      at JitCompiler.Object.<anonymous>.JitCompiler._compileComponents (node_modules/@angular/compiler/bundles/compiler.umd.js:34548:19)\n      at node_modules/packages/compiler/esm5/src/jit/compiler.js:214:12\n      at Object.then (node_modules/@angular/compiler/bundles/compiler.umd.js:518:77)\n      at JitCompiler.Object.<anonymous>.JitCompiler._compileModuleAndAllComponents (node_modules/packages/compiler/esm5/src/jit/compiler.js:212:17)\n      at JitCompiler.Object.<anonymous>.JitCompiler.compileModuleAndAllComponentsSync (node_modules/@angular/compiler/bundles/compiler.umd.js:34322:42)\n      at CompilerImpl.Object.<anonymous>.CompilerImpl.compileModuleAndAllComponentsSync (node_modules/packages/platform-browser-dynamic/esm5/src/compiler_factory.js:90:7)\n      at TestingCompilerImpl.Object.<anonymous>.TestingCompilerImpl.compileModuleAndAllComponentsSync (node_modules/@angular/platform-browser-dynamic/bundles/platform-browser-dynamic-testing.umd.js:356:31)\n      at TestBed.Object.<anonymous>.TestBed._initIfNeeded (node_modules/packages/core/esm5/testing/src/test_bed.js:400:36)\n      at TestBed.Object.<anonymous>.TestBed.createComponent (node_modules/packages/core/esm5/testing/src/test_bed.js:557:13)\n      at Function.Object.<anonymous>.TestBed.createComponent (node_modules/@angular/core/bundles/core-testing.umd.js:871:29)\n      at src/app/app.component.spec.ts:12:29\n      at ZoneDelegate.Object.<anonymous>.ZoneDelegate.invoke (node_modules/zone.js/dist/zone.js:388:26)\n      at AsyncTestZoneSpec.Object.<anonymous>.AsyncTestZoneSpec.onInvoke (node_modules/zone.js/dist/async-test.js:106:39)\n      at ProxyZoneSpec.Object.<anonymous>.ProxyZoneSpec.onInvoke (node_modules/zone.js/dist/proxy.js:125:39)\n      at ZoneDelegate.Object.<anonymous>.ZoneDelegate.invoke (node_modules/zone.js/dist/zone.js:387:32)\n      at Zone.Object.<anonymous>.Zone.runGuarded (node_modules/zone.js/dist/zone.js:151:47)\n      at runInTestZone (node_modules/@angular/core/bundles/core-testing.umd.js:141:25)\n      at node_modules/@angular/core/bundles/core-testing.umd.js:80:13\n      at ZoneDelegate.Object.<anonymous>.ZoneDelegate.invoke (node_modules/zone.js/dist/zone.js:388:26)\n      at ProxyZoneSpec.Object.<anonymous>.ProxyZoneSpec.onInvoke (node_modules/zone.js/dist/proxy.js:128:39)\n      at ZoneDelegate.Object.<anonymous>.ZoneDelegate.invoke (node_modules/zone.js/dist/zone.js:387:32)\n      at Zone.Object.<anonymous>.Zone.run (node_modules/zone.js/dist/zone.js:138:43)\n      at Object.testBody.length.done (node_modules/jest-zone-patch/index.js:51:29)\n\n  ● AppComponent › should have as title 'app'\n\n    Template parse errors:\n    'app-stepone' is not a known element:\n    1. If 'app-stepone' is an Angular component, then verify that it is part of this module.\n    2. If 'app-stepone' is a Web Component then add 'CUSTOM_ELEMENTS_SCHEMA' to the '@NgModule.schemas' of this component to suppress this message. (\"\n      <h1>silly app</h1>\n      <div *ngIf=\"step === 1;else steptwocontent\">\n        [ERROR ->]<app-stepone (valid)=\"onValid($event)\"></app-stepone>\n      </div>\n    </div>\n    \"): ng:///DynamicTestModule/AppComponent.html@3:4\n    'app-steptwo' is not a known element:\n    1. If 'app-steptwo' is an Angular component, then verify that it is part of this module.\n    2. If 'app-steptwo' is a Web Component then add 'CUSTOM_ELEMENTS_SCHEMA' to the '@NgModule.schemas' of this component to suppress this message. (\"\n    \n    <ng-template #steptwocontent>\n      [ERROR ->]<app-steptwo></app-steptwo>\n    </ng-template>\"): ng:///DynamicTestModule/AppComponent.html@8:2\n        at Error (native)\n\n       7 |         AppComponent\n       8 |       ],\n    >  9 |     }).compileComponents();\n      10 |   }));\n      11 |   it('should create the app', async(() => {\n      12 |     const fixture = TestBed.createComponent(AppComponent);\n      \n      at syntaxError (node_modules/packages/compiler/esm5/src/util.js:183:2)\n      at TemplateParser.Object.<anonymous>.TemplateParser.parse (node_modules/@angular/compiler/bundles/compiler.umd.js:24717:19)\n      at JitCompiler.Object.<anonymous>.JitCompiler._parseTemplate (node_modules/@angular/compiler/bundles/compiler.umd.js:34672:37)\n      at JitCompiler.Object.<anonymous>.JitCompiler._compileTemplate (node_modules/packages/compiler/esm5/src/jit/compiler.js:425:18)\n      at node_modules/@angular/compiler/bundles/compiler.umd.js:34548:62\n      at Set.forEach (native)\n      at JitCompiler.Object.<anonymous>.JitCompiler._compileComponents (node_modules/@angular/compiler/bundles/compiler.umd.js:34548:19)\n      at node_modules/packages/compiler/esm5/src/jit/compiler.js:214:12\n      at Object.then (node_modules/@angular/compiler/bundles/compiler.umd.js:518:77)\n      at JitCompiler.Object.<anonymous>.JitCompiler._compileModuleAndAllComponents (node_modules/packages/compiler/esm5/src/jit/compiler.js:212:17)\n      at JitCompiler.Object.<anonymous>.JitCompiler.compileModuleAndAllComponentsAsync (node_modules/@angular/compiler/bundles/compiler.umd.js:34333:37)\n      at CompilerImpl.Object.<anonymous>.CompilerImpl.compileModuleAndAllComponentsAsync (node_modules/packages/platform-browser-dynamic/esm5/src/compiler_factory.js:107:16)\n      at TestingCompilerImpl.Object.<anonymous>.TestingCompilerImpl.compileModuleAndAllComponentsAsync (node_modules/@angular/platform-browser-dynamic/bundles/platform-browser-dynamic-testing.umd.js:369:31)\n      at TestBed.Object.<anonymous>.TestBed.compileComponents (node_modules/packages/core/esm5/testing/src/test_bed.js:387:23)\n      at Function.Object.<anonymous>.TestBed.compileComponents (node_modules/packages/core/esm5/testing/src/test_bed.js:200:33)\n      at src/app/app.component.spec.ts:9:8\n      at ZoneDelegate.Object.<anonymous>.ZoneDelegate.invoke (node_modules/zone.js/dist/zone.js:388:26)\n      at AsyncTestZoneSpec.Object.<anonymous>.AsyncTestZoneSpec.onInvoke (node_modules/zone.js/dist/async-test.js:106:39)\n      at ProxyZoneSpec.Object.<anonymous>.ProxyZoneSpec.onInvoke (node_modules/zone.js/dist/proxy.js:125:39)\n      at ZoneDelegate.Object.<anonymous>.ZoneDelegate.invoke (node_modules/zone.js/dist/zone.js:387:32)\n      at Zone.Object.<anonymous>.Zone.runGuarded (node_modules/zone.js/dist/zone.js:151:47)\n      at runInTestZone (node_modules/@angular/core/bundles/core-testing.umd.js:141:25)\n      at node_modules/@angular/core/bundles/core-testing.umd.js:80:13\n      at ZoneDelegate.Object.<anonymous>.ZoneDelegate.invoke (node_modules/zone.js/dist/zone.js:388:26)\n      at ProxyZoneSpec.Object.<anonymous>.ProxyZoneSpec.onInvoke (node_modules/zone.js/dist/proxy.js:128:39)\n      at ZoneDelegate.Object.<anonymous>.ZoneDelegate.invoke (node_modules/zone.js/dist/zone.js:387:32)\n      at Zone.Object.<anonymous>.Zone.run (node_modules/zone.js/dist/zone.js:138:43)\n      at Object.testBody.length.done (node_modules/jest-zone-patch/index.js:51:29)\n\n  ● AppComponent › should have as title 'app'\n\n    Template parse errors:\n    'app-stepone' is not a known element:\n    1. If 'app-stepone' is an Angular component, then verify that it is part of this module.\n    2. If 'app-stepone' is a Web Component then add 'CUSTOM_ELEMENTS_SCHEMA' to the '@NgModule.schemas' of this component to suppress this message. (\"\n      <h1>silly app</h1>\n      <div *ngIf=\"step === 1;else steptwocontent\">\n        [ERROR ->]<app-stepone (valid)=\"onValid($event)\"></app-stepone>\n      </div>\n    </div>\n    \"): ng:///DynamicTestModule/AppComponent.html@3:4\n    'app-steptwo' is not a known element:\n    1. If 'app-steptwo' is an Angular component, then verify that it is part of this module.\n    2. If 'app-steptwo' is a Web Component then add 'CUSTOM_ELEMENTS_SCHEMA' to the '@NgModule.schemas' of this component to suppress this message. (\"\n    \n    <ng-template #steptwocontent>\n      [ERROR ->]<app-steptwo></app-steptwo>\n    </ng-template>\"): ng:///DynamicTestModule/AppComponent.html@8:2\n        at Error (native)\n\n      15 |   }));\n      16 |   it(`should have as title 'app'`, async(() => {\n    > 17 |     const fixture = TestBed.createComponent(AppComponent);\n      18 |     const app = fixture.debugElement.componentInstance;\n      19 |     expect(app.title).toEqual('app');\n      20 |   }));\n      \n      at syntaxError (node_modules/packages/compiler/esm5/src/util.js:183:2)\n      at TemplateParser.Object.<anonymous>.TemplateParser.parse (node_modules/@angular/compiler/bundles/compiler.umd.js:24717:19)\n      at JitCompiler.Object.<anonymous>.JitCompiler._parseTemplate (node_modules/@angular/compiler/bundles/compiler.umd.js:34672:37)\n      at JitCompiler.Object.<anonymous>.JitCompiler._compileTemplate (node_modules/packages/compiler/esm5/src/jit/compiler.js:425:18)\n      at node_modules/@angular/compiler/bundles/compiler.umd.js:34548:62\n      at Set.forEach (native)\n      at JitCompiler.Object.<anonymous>.JitCompiler._compileComponents (node_modules/@angular/compiler/bundles/compiler.umd.js:34548:19)\n      at node_modules/packages/compiler/esm5/src/jit/compiler.js:214:12\n      at Object.then (node_modules/@angular/compiler/bundles/compiler.umd.js:518:77)\n      at JitCompiler.Object.<anonymous>.JitCompiler._compileModuleAndAllComponents (node_modules/packages/compiler/esm5/src/jit/compiler.js:212:17)\n      at JitCompiler.Object.<anonymous>.JitCompiler.compileModuleAndAllComponentsSync (node_modules/@angular/compiler/bundles/compiler.umd.js:34322:42)\n      at CompilerImpl.Object.<anonymous>.CompilerImpl.compileModuleAndAllComponentsSync (node_modules/packages/platform-browser-dynamic/esm5/src/compiler_factory.js:90:7)\n      at TestingCompilerImpl.Object.<anonymous>.TestingCompilerImpl.compileModuleAndAllComponentsSync (node_modules/@angular/platform-browser-dynamic/bundles/platform-browser-dynamic-testing.umd.js:356:31)\n      at TestBed.Object.<anonymous>.TestBed._initIfNeeded (node_modules/packages/core/esm5/testing/src/test_bed.js:400:36)\n      at TestBed.Object.<anonymous>.TestBed.createComponent (node_modules/packages/core/esm5/testing/src/test_bed.js:557:13)\n      at Function.Object.<anonymous>.TestBed.createComponent (node_modules/@angular/core/bundles/core-testing.umd.js:871:29)\n      at src/app/app.component.spec.ts:17:29\n      at ZoneDelegate.Object.<anonymous>.ZoneDelegate.invoke (node_modules/zone.js/dist/zone.js:388:26)\n      at AsyncTestZoneSpec.Object.<anonymous>.AsyncTestZoneSpec.onInvoke (node_modules/zone.js/dist/async-test.js:106:39)\n      at ProxyZoneSpec.Object.<anonymous>.ProxyZoneSpec.onInvoke (node_modules/zone.js/dist/proxy.js:125:39)\n      at ZoneDelegate.Object.<anonymous>.ZoneDelegate.invoke (node_modules/zone.js/dist/zone.js:387:32)\n      at Zone.Object.<anonymous>.Zone.runGuarded (node_modules/zone.js/dist/zone.js:151:47)\n      at runInTestZone (node_modules/@angular/core/bundles/core-testing.umd.js:141:25)\n      at node_modules/@angular/core/bundles/core-testing.umd.js:80:13\n      at ZoneDelegate.Object.<anonymous>.ZoneDelegate.invoke (node_modules/zone.js/dist/zone.js:388:26)\n      at ProxyZoneSpec.Object.<anonymous>.ProxyZoneSpec.onInvoke (node_modules/zone.js/dist/proxy.js:128:39)\n      at ZoneDelegate.Object.<anonymous>.ZoneDelegate.invoke (node_modules/zone.js/dist/zone.js:387:32)\n      at Zone.Object.<anonymous>.Zone.run (node_modules/zone.js/dist/zone.js:138:43)\n      at Object.testBody.length.done (node_modules/jest-zone-patch/index.js:51:29)\n\n  ● AppComponent › should render title in a h1 tag\n\n    Template parse errors:\n    'app-stepone' is not a known element:\n    1. If 'app-stepone' is an Angular component, then verify that it is part of this module.\n    2. If 'app-stepone' is a Web Component then add 'CUSTOM_ELEMENTS_SCHEMA' to the '@NgModule.schemas' of this component to suppress this message. (\"\n      <h1>silly app</h1>\n      <div *ngIf=\"step === 1;else steptwocontent\">\n        [ERROR ->]<app-stepone (valid)=\"onValid($event)\"></app-stepone>\n      </div>\n    </div>\n    \"): ng:///DynamicTestModule/AppComponent.html@3:4\n    'app-steptwo' is not a known element:\n    1. If 'app-steptwo' is an Angular component, then verify that it is part of this module.\n    2. If 'app-steptwo' is a Web Component then add 'CUSTOM_ELEMENTS_SCHEMA' to the '@NgModule.schemas' of this component to suppress this message. (\"\n    \n    <ng-template #steptwocontent>\n      [ERROR ->]<app-steptwo></app-steptwo>\n    </ng-template>\"): ng:///DynamicTestModule/AppComponent.html@8:2\n        at Error (native)\n\n       7 |         AppComponent\n       8 |       ],\n    >  9 |     }).compileComponents();\n      10 |   }));\n      11 |   it('should create the app', async(() => {\n      12 |     const fixture = TestBed.createComponent(AppComponent);\n      \n      at syntaxError (node_modules/packages/compiler/esm5/src/util.js:183:2)\n      at TemplateParser.Object.<anonymous>.TemplateParser.parse (node_modules/@angular/compiler/bundles/compiler.umd.js:24717:19)\n      at JitCompiler.Object.<anonymous>.JitCompiler._parseTemplate (node_modules/@angular/compiler/bundles/compiler.umd.js:34672:37)\n      at JitCompiler.Object.<anonymous>.JitCompiler._compileTemplate (node_modules/packages/compiler/esm5/src/jit/compiler.js:425:18)\n      at node_modules/@angular/compiler/bundles/compiler.umd.js:34548:62\n      at Set.forEach (native)\n      at JitCompiler.Object.<anonymous>.JitCompiler._compileComponents (node_modules/@angular/compiler/bundles/compiler.umd.js:34548:19)\n      at node_modules/packages/compiler/esm5/src/jit/compiler.js:214:12\n      at Object.then (node_modules/@angular/compiler/bundles/compiler.umd.js:518:77)\n      at JitCompiler.Object.<anonymous>.JitCompiler._compileModuleAndAllComponents (node_modules/packages/compiler/esm5/src/jit/compiler.js:212:17)\n      at JitCompiler.Object.<anonymous>.JitCompiler.compileModuleAndAllComponentsAsync (node_modules/@angular/compiler/bundles/compiler.umd.js:34333:37)\n      at CompilerImpl.Object.<anonymous>.CompilerImpl.compileModuleAndAllComponentsAsync (node_modules/packages/platform-browser-dynamic/esm5/src/compiler_factory.js:107:16)\n      at TestingCompilerImpl.Object.<anonymous>.TestingCompilerImpl.compileModuleAndAllComponentsAsync (node_modules/@angular/platform-browser-dynamic/bundles/platform-browser-dynamic-testing.umd.js:369:31)\n      at TestBed.Object.<anonymous>.TestBed.compileComponents (node_modules/packages/core/esm5/testing/src/test_bed.js:387:23)\n      at Function.Object.<anonymous>.TestBed.compileComponents (node_modules/packages/core/esm5/testing/src/test_bed.js:200:33)\n      at src/app/app.component.spec.ts:9:8\n      at ZoneDelegate.Object.<anonymous>.ZoneDelegate.invoke (node_modules/zone.js/dist/zone.js:388:26)\n      at AsyncTestZoneSpec.Object.<anonymous>.AsyncTestZoneSpec.onInvoke (node_modules/zone.js/dist/async-test.js:106:39)\n      at ProxyZoneSpec.Object.<anonymous>.ProxyZoneSpec.onInvoke (node_modules/zone.js/dist/proxy.js:125:39)\n      at ZoneDelegate.Object.<anonymous>.ZoneDelegate.invoke (node_modules/zone.js/dist/zone.js:387:32)\n      at Zone.Object.<anonymous>.Zone.runGuarded (node_modules/zone.js/dist/zone.js:151:47)\n      at runInTestZone (node_modules/@angular/core/bundles/core-testing.umd.js:141:25)\n      at node_modules/@angular/core/bundles/core-testing.umd.js:80:13\n      at ZoneDelegate.Object.<anonymous>.ZoneDelegate.invoke (node_modules/zone.js/dist/zone.js:388:26)\n      at ProxyZoneSpec.Object.<anonymous>.ProxyZoneSpec.onInvoke (node_modules/zone.js/dist/proxy.js:128:39)\n      at ZoneDelegate.Object.<anonymous>.ZoneDelegate.invoke (node_modules/zone.js/dist/zone.js:387:32)\n      at Zone.Object.<anonymous>.Zone.run (node_modules/zone.js/dist/zone.js:138:43)\n      at Object.testBody.length.done (node_modules/jest-zone-patch/index.js:51:29)\n\n  ● AppComponent › should render title in a h1 tag\n\n    Template parse errors:\n    'app-stepone' is not a known element:\n    1. If 'app-stepone' is an Angular component, then verify that it is part of this module.\n    2. If 'app-stepone' is a Web Component then add 'CUSTOM_ELEMENTS_SCHEMA' to the '@NgModule.schemas' of this component to suppress this message. (\"\n      <h1>silly app</h1>\n      <div *ngIf=\"step === 1;else steptwocontent\">\n        [ERROR ->]<app-stepone (valid)=\"onValid($event)\"></app-stepone>\n      </div>\n    </div>\n    \"): ng:///DynamicTestModule/AppComponent.html@3:4\n    'app-steptwo' is not a known element:\n    1. If 'app-steptwo' is an Angular component, then verify that it is part of this module.\n    2. If 'app-steptwo' is a Web Component then add 'CUSTOM_ELEMENTS_SCHEMA' to the '@NgModule.schemas' of this component to suppress this message. (\"\n    \n    <ng-template #steptwocontent>\n      [ERROR ->]<app-steptwo></app-steptwo>\n    </ng-template>\"): ng:///DynamicTestModule/AppComponent.html@8:2\n        at Error (native)\n\n      20 |   }));\n      21 |   it('should render title in a h1 tag', async(() => {\n    > 22 |     const fixture = TestBed.createComponent(AppComponent);\n      23 |     fixture.detectChanges();\n      24 |     const compiled = fixture.debugElement.nativeElement;\n      25 |     expect(compiled.querySelector('h1').textContent).toContain('Welcome to app!');\n      \n      at syntaxError (node_modules/packages/compiler/esm5/src/util.js:183:2)\n      at TemplateParser.Object.<anonymous>.TemplateParser.parse (node_modules/@angular/compiler/bundles/compiler.umd.js:24717:19)\n      at JitCompiler.Object.<anonymous>.JitCompiler._parseTemplate (node_modules/@angular/compiler/bundles/compiler.umd.js:34672:37)\n      at JitCompiler.Object.<anonymous>.JitCompiler._compileTemplate (node_modules/packages/compiler/esm5/src/jit/compiler.js:425:18)\n      at node_modules/@angular/compiler/bundles/compiler.umd.js:34548:62\n      at Set.forEach (native)\n      at JitCompiler.Object.<anonymous>.JitCompiler._compileComponents (node_modules/@angular/compiler/bundles/compiler.umd.js:34548:19)\n      at node_modules/packages/compiler/esm5/src/jit/compiler.js:214:12\n      at Object.then (node_modules/@angular/compiler/bundles/compiler.umd.js:518:77)\n      at JitCompiler.Object.<anonymous>.JitCompiler._compileModuleAndAllComponents (node_modules/packages/compiler/esm5/src/jit/compiler.js:212:17)\n      at JitCompiler.Object.<anonymous>.JitCompiler.compileModuleAndAllComponentsSync (node_modules/@angular/compiler/bundles/compiler.umd.js:34322:42)\n      at CompilerImpl.Object.<anonymous>.CompilerImpl.compileModuleAndAllComponentsSync (node_modules/packages/platform-browser-dynamic/esm5/src/compiler_factory.js:90:7)\n      at TestingCompilerImpl.Object.<anonymous>.TestingCompilerImpl.compileModuleAndAllComponentsSync (node_modules/@angular/platform-browser-dynamic/bundles/platform-browser-dynamic-testing.umd.js:356:31)\n      at TestBed.Object.<anonymous>.TestBed._initIfNeeded (node_modules/packages/core/esm5/testing/src/test_bed.js:400:36)\n      at TestBed.Object.<anonymous>.TestBed.createComponent (node_modules/packages/core/esm5/testing/src/test_bed.js:557:13)\n      at Function.Object.<anonymous>.TestBed.createComponent (node_modules/@angular/core/bundles/core-testing.umd.js:871:29)\n      at src/app/app.component.spec.ts:22:29\n      at ZoneDelegate.Object.<anonymous>.ZoneDelegate.invoke (node_modules/zone.js/dist/zone.js:388:26)\n      at AsyncTestZoneSpec.Object.<anonymous>.AsyncTestZoneSpec.onInvoke (node_modules/zone.js/dist/async-test.js:106:39)\n      at ProxyZoneSpec.Object.<anonymous>.ProxyZoneSpec.onInvoke (node_modules/zone.js/dist/proxy.js:125:39)\n      at ZoneDelegate.Object.<anonymous>.ZoneDelegate.invoke (node_modules/zone.js/dist/zone.js:387:32)\n      at Zone.Object.<anonymous>.Zone.runGuarded (node_modules/zone.js/dist/zone.js:151:47)\n      at runInTestZone (node_modules/@angular/core/bundles/core-testing.umd.js:141:25)\n      at node_modules/@angular/core/bundles/core-testing.umd.js:80:13\n      at ZoneDelegate.Object.<anonymous>.ZoneDelegate.invoke (node_modules/zone.js/dist/zone.js:388:26)\n      at ProxyZoneSpec.Object.<anonymous>.ProxyZoneSpec.onInvoke (node_modules/zone.js/dist/proxy.js:128:39)\n      at ZoneDelegate.Object.<anonymous>.ZoneDelegate.invoke (node_modules/zone.js/dist/zone.js:387:32)\n      at Zone.Object.<anonymous>.Zone.run (node_modules/zone.js/dist/zone.js:138:43)\n      at Object.testBody.length.done (node_modules/jest-zone-patch/index.js:51:29)\n","name":"C:\\ccviews\\mediumpost\\src\\app\\app.component.spec.ts","startTime":1526536861020,"status":"failed","summary":""}],"wasInterrupted":false}